# JRE version: OpenJDK Runtime Environment (8.0_202-b03) (build 1.8.0_202-release-1483-b03)
# Java VM: OpenJDK 64-Bit Server VM (25.202-b03 mixed mode windows-amd64 compressed oops)
Heap:
 PSYoungGen      total 487936K, used 388065K [0x00000000e0000000, 0x00000000ffd80000, 0x0000000100000000)
  eden space 456192K, 81% used [0x00000000e0000000,0x00000000f69add38,0x00000000fbd80000)
  from space 31744K, 55% used [0x00000000fde80000,0x00000000fefca7a8,0x00000000ffd80000)
  to   space 32768K, 0% used [0x00000000fbd80000,0x00000000fbd80000,0x00000000fdd80000)
 ParOldGen       total 281088K, used 145536K [0x00000000a0000000, 0x00000000b1280000, 0x00000000e0000000)
  object space 281088K, 51% used [0x00000000a0000000,0x00000000a8e20070,0x00000000b1280000)
 Metaspace       used 84918K, capacity 88918K, committed 89048K, reserved 1126400K
  class space    used 11214K, capacity 11958K, committed 12032K, reserved 1048576K
GC Heap History (10 events):
Event: 15.017 GC heap before
{Heap before GC invocations=23 (full 3):
 PSYoungGen      total 385024K, used 355015K [0x00000000e0000000, 0x00000000fee00000, 0x0000000100000000)
  eden space 346624K, 100% used [0x00000000e0000000,0x00000000f5280000,0x00000000f5280000)
  from space 38400K, 21% used [0x00000000f5280000,0x00000000f5ab1d18,0x00000000f7800000)
  to   space 37888K, 0% used [0x00000000fc900000,0x00000000fc900000,0x00000000fee00000)
 ParOldGen       total 281088K, used 116796K [0x00000000a0000000, 0x00000000b1280000, 0x00000000e0000000)
  object space 281088K, 41% used [0x00000000a0000000,0x00000000a720f360,0x00000000b1280000)
 Metaspace       used 73177K, capacity 76434K, committed 76632K, reserved 1116160K
  class space    used 9865K, capacity 10506K, committed 10624K, reserved 1048576K
Event: 15.035 GC heap after
Heap after GC invocations=23 (full 3):
 PSYoungGen      total 455680K, used 10210K [0x00000000e0000000, 0x00000000fe700000, 0x0000000100000000)
  eden space 424960K, 0% used [0x00000000e0000000,0x00000000e0000000,0x00000000f9f00000)
  from space 30720K, 33% used [0x00000000fc900000,0x00000000fd2f8b88,0x00000000fe700000)
  to   space 36864K, 0% used [0x00000000f9f00000,0x00000000f9f00000,0x00000000fc300000)
 ParOldGen       total 281088K, used 124036K [0x00000000a0000000, 0x00000000b1280000, 0x00000000e0000000)
  object space 281088K, 44% used [0x00000000a0000000,0x00000000a7921370,0x00000000b1280000)
 Metaspace       used 73177K, capacity 76434K, committed 76632K, reserved 1116160K
  class space    used 9865K, capacity 10506K, committed 10624K, reserved 1048576K
}
Event: 15.856 GC heap before
{Heap before GC invocations=24 (full 3):
 PSYoungGen      total 455680K, used 435170K [0x00000000e0000000, 0x00000000fe700000, 0x0000000100000000)
  eden space 424960K, 100% used [0x00000000e0000000,0x00000000f9f00000,0x00000000f9f00000)
  from space 30720K, 33% used [0x00000000fc900000,0x00000000fd2f8b88,0x00000000fe700000)
  to   space 36864K, 0% used [0x00000000f9f00000,0x00000000f9f00000,0x00000000fc300000)
 ParOldGen       total 281088K, used 124036K [0x00000000a0000000, 0x00000000b1280000, 0x00000000e0000000)
  object space 281088K, 44% used [0x00000000a0000000,0x00000000a7921370,0x00000000b1280000)
 Metaspace       used 73305K, capacity 76522K, committed 76888K, reserved 1116160K
  class space    used 9867K, capacity 10510K, committed 10624K, reserved 1048576K
Event: 15.875 GC heap after
Heap after GC invocations=24 (full 3):
 PSYoungGen      total 461824K, used 8672K [0x00000000e0000000, 0x0000000100000000, 0x0000000100000000)
  eden space 424960K, 0% used [0x00000000e0000000,0x00000000e0000000,0x00000000f9f00000)
  from space 36864K, 23% used [0x00000000f9f00000,0x00000000fa778030,0x00000000fc300000)
  to   space 35840K, 0% used [0x00000000fdd00000,0x00000000fdd00000,0x0000000100000000)
 ParOldGen       total 281088K, used 130843K [0x00000000a0000000, 0x00000000b1280000, 0x00000000e0000000)
  object space 281088K, 46% used [0x00000000a0000000,0x00000000a7fc6ff0,0x00000000b1280000)
 Metaspace       used 73305K, capacity 76522K, committed 76888K, reserved 1116160K
  class space    used 9867K, capacity 10510K, committed 10624K, reserved 1048576K
}
Event: 16.794 GC heap before
{Heap before GC invocations=25 (full 3):
 PSYoungGen      total 461824K, used 433632K [0x00000000e0000000, 0x0000000100000000, 0x0000000100000000)
  eden space 424960K, 100% used [0x00000000e0000000,0x00000000f9f00000,0x00000000f9f00000)
  from space 36864K, 23% used [0x00000000f9f00000,0x00000000fa778030,0x00000000fc300000)
  to   space 35840K, 0% used [0x00000000fdd00000,0x00000000fdd00000,0x0000000100000000)
 ParOldGen       total 281088K, used 130843K [0x00000000a0000000, 0x00000000b1280000, 0x00000000e0000000)
  object space 281088K, 46% used [0x00000000a0000000,0x00000000a7fc6ff0,0x00000000b1280000)
 Metaspace       used 73330K, capacity 76586K, committed 76888K, reserved 1116160K
  class space    used 9867K, capacity 10510K, committed 10624K, reserved 1048576K
Event: 16.814 GC heap after
Heap after GC invocations=25 (full 3):
 PSYoungGen      total 484352K, used 9568K [0x00000000e0000000, 0x00000000ffd00000, 0x0000000100000000)
  eden space 451584K, 0% used [0x00000000e0000000,0x00000000e0000000,0x00000000fb900000)
  from space 32768K, 29% used [0x00000000fdd00000,0x00000000fe6581c8,0x00000000ffd00000)
  to   space 34816K, 0% used [0x00000000fb900000,0x00000000fb900000,0x00000000fdb00000)
 ParOldGen       total 281088K, used 138584K [0x00000000a0000000, 0x00000000b1280000, 0x00000000e0000000)
  object space 281088K, 49% used [0x00000000a0000000,0x00000000a8756000,0x00000000b1280000)
 Metaspace       used 73330K, capacity 76586K, committed 76888K, reserved 1116160K
  class space    used 9867K, capacity 10510K, committed 10624K, reserved 1048576K
}
Event: 18.942 GC heap before
{Heap before GC invocations=26 (full 3):
 PSYoungGen      total 484352K, used 461152K [0x00000000e0000000, 0x00000000ffd00000, 0x0000000100000000)
  eden space 451584K, 100% used [0x00000000e0000000,0x00000000fb900000,0x00000000fb900000)
  from space 32768K, 29% used [0x00000000fdd00000,0x00000000fe6581c8,0x00000000ffd00000)
  to   space 34816K, 0% used [0x00000000fb900000,0x00000000fb900000,0x00000000fdb00000)
 ParOldGen       total 281088K, used 138584K [0x00000000a0000000, 0x00000000b1280000, 0x00000000e0000000)
  object space 281088K, 49% used [0x00000000a0000000,0x00000000a8756000,0x00000000b1280000)
 Metaspace       used 73958K, capacity 77284K, committed 77400K, reserved 1116160K
  class space    used 9950K, capacity 10607K, committed 10624K, reserved 1048576K
Event: 18.969 GC heap after
Heap after GC invocations=26 (full 3):
 PSYoungGen      total 486400K, used 10079K [0x00000000e0000000, 0x00000000fff00000, 0x0000000100000000)
  eden space 451584K, 0% used [0x00000000e0000000,0x00000000e0000000,0x00000000fb900000)
  from space 34816K, 28% used [0x00000000fb900000,0x00000000fc2d7c40,0x00000000fdb00000)
  to   space 33280K, 0% used [0x00000000fde80000,0x00000000fde80000,0x00000000fff00000)
 ParOldGen       total 281088K, used 145528K [0x00000000a0000000, 0x00000000b1280000, 0x00000000e0000000)
  object space 281088K, 51% used [0x00000000a0000000,0x00000000a8e1e070,0x00000000b1280000)
 Metaspace       used 73958K, capacity 77284K, committed 77400K, reserved 1116160K
  class space    used 9950K, capacity 10607K, committed 10624K, reserved 1048576K
}
Event: 22.456 GC heap before
{Heap before GC invocations=27 (full 3):
 PSYoungGen      total 486400K, used 459730K [0x00000000e0000000, 0x00000000fff00000, 0x0000000100000000)
  eden space 451584K, 99% used [0x00000000e0000000,0x00000000fb71cef0,0x00000000fb900000)
  from space 34816K, 28% used [0x00000000fb900000,0x00000000fc2d7c40,0x00000000fdb00000)
  to   space 33280K, 0% used [0x00000000fde80000,0x00000000fde80000,0x00000000fff00000)
 ParOldGen       total 281088K, used 145528K [0x00000000a0000000, 0x00000000b1280000, 0x00000000e0000000)
  object space 281088K, 51% used [0x00000000a0000000,0x00000000a8e1e070,0x00000000b1280000)
 Metaspace       used 75578K, capacity 79046K, committed 79192K, reserved 1118208K
  class space    used 10163K, capacity 10810K, committed 10880K, reserved 1048576K
Event: 22.470 GC heap after
Heap after GC invocations=27 (full 3):
 PSYoungGen      total 487936K, used 17705K [0x00000000e0000000, 0x00000000ffd80000, 0x0000000100000000)
  eden space 456192K, 0% used [0x00000000e0000000,0x00000000e0000000,0x00000000fbd80000)
  from space 31744K, 55% used [0x00000000fde80000,0x00000000fefca7a8,0x00000000ffd80000)
  to   space 32768K, 0% used [0x00000000fbd80000,0x00000000fbd80000,0x00000000fdd80000)
 ParOldGen       total 281088K, used 145536K [0x00000000a0000000, 0x00000000b1280000, 0x00000000e0000000)
  object space 281088K, 51% used [0x00000000a0000000,0x00000000a8e20070,0x00000000b1280000)
 Metaspace       used 75578K, capacity 79046K, committed 79192K, reserved 1118208K
  class space    used 10163K, capacity 10810K, committed 10880K, reserved 1048576K
}

