# JRE version: OpenJDK Runtime Environment (8.0_202-b03) (build 1.8.0_202-release-1483-b03)
# Java VM: OpenJDK 64-Bit Server VM (25.202-b03 mixed mode windows-amd64 compressed oops)
Heap:
 PSYoungGen      total 475648K, used 289388K [0x00000000e0000000, 0x00000000ffa00000, 0x0000000100000000)
  eden space 432128K, 63% used [0x00000000e0000000,0x00000000f0d9fc30,0x00000000fa600000)
  from space 43520K, 30% used [0x00000000fcf80000,0x00000000fdc7b730,0x00000000ffa00000)
  to   space 42496K, 0% used [0x00000000fa600000,0x00000000fa600000,0x00000000fcf80000)
 ParOldGen       total 422400K, used 165062K [0x00000000a0000000, 0x00000000b9c80000, 0x00000000e0000000)
  object space 422400K, 39% used [0x00000000a0000000,0x00000000aa131830,0x00000000b9c80000)
 Metaspace       used 146991K, capacity 154262K, committed 154752K, reserved 1183744K
  class space    used 18416K, capacity 19674K, committed 19840K, reserved 1048576K
GC Heap History (10 events):
Event: 3875.925 GC heap before
{Heap before GC invocations=69 (full 5):
 PSYoungGen      total 433152K, used 433090K [0x00000000e0000000, 0x00000000ffd80000, 0x0000000100000000)
  eden space 422400K, 100% used [0x00000000e0000000,0x00000000f9c80000,0x00000000f9c80000)
  from space 10752K, 99% used [0x00000000f9c80000,0x00000000fa6f0928,0x00000000fa700000)
  to   space 49664K, 0% used [0x00000000fcd00000,0x00000000fcd00000,0x00000000ffd80000)
 ParOldGen       total 422400K, used 127875K [0x00000000a0000000, 0x00000000b9c80000, 0x00000000e0000000)
  object space 422400K, 30% used [0x00000000a0000000,0x00000000a7ce0dd8,0x00000000b9c80000)
 Metaspace       used 144658K, capacity 151468K, committed 152448K, reserved 1181696K
  class space    used 18111K, capacity 19313K, committed 19584K, reserved 1048576K
Event: 3875.946 GC heap after
Heap after GC invocations=69 (full 5):
 PSYoungGen      total 473088K, used 9120K [0x00000000e0000000, 0x0000000100000000, 0x0000000100000000)
  eden space 423424K, 0% used [0x00000000e0000000,0x00000000e0000000,0x00000000f9d80000)
  from space 49664K, 18% used [0x00000000fcd00000,0x00000000fd5e8030,0x00000000ffd80000)
  to   space 48640K, 0% used [0x00000000f9d80000,0x00000000f9d80000,0x00000000fcd00000)
 ParOldGen       total 422400K, used 136665K [0x00000000a0000000, 0x00000000b9c80000, 0x00000000e0000000)
  object space 422400K, 32% used [0x00000000a0000000,0x00000000a8576540,0x00000000b9c80000)
 Metaspace       used 144658K, capacity 151468K, committed 152448K, reserved 1181696K
  class space    used 18111K, capacity 19313K, committed 19584K, reserved 1048576K
}
Event: 3877.573 GC heap before
{Heap before GC invocations=70 (full 5):
 PSYoungGen      total 473088K, used 432544K [0x00000000e0000000, 0x0000000100000000, 0x0000000100000000)
  eden space 423424K, 100% used [0x00000000e0000000,0x00000000f9d80000,0x00000000f9d80000)
  from space 49664K, 18% used [0x00000000fcd00000,0x00000000fd5e8030,0x00000000ffd80000)
  to   space 48640K, 0% used [0x00000000f9d80000,0x00000000f9d80000,0x00000000fcd00000)
 ParOldGen       total 422400K, used 136665K [0x00000000a0000000, 0x00000000b9c80000, 0x00000000e0000000)
  object space 422400K, 32% used [0x00000000a0000000,0x00000000a8576540,0x00000000b9c80000)
 Metaspace       used 145238K, capacity 152134K, committed 152960K, reserved 1183744K
  class space    used 18179K, capacity 19408K, committed 19584K, reserved 1048576K
Event: 3877.594 GC heap after
Heap after GC invocations=70 (full 5):
 PSYoungGen      total 472064K, used 9571K [0x00000000e0000000, 0x00000000ffd00000, 0x0000000100000000)
  eden space 423424K, 0% used [0x00000000e0000000,0x00000000e0000000,0x00000000f9d80000)
  from space 48640K, 19% used [0x00000000f9d80000,0x00000000fa6d8f00,0x00000000fcd00000)
  to   space 47616K, 0% used [0x00000000fce80000,0x00000000fce80000,0x00000000ffd00000)
 ParOldGen       total 422400K, used 144577K [0x00000000a0000000, 0x00000000b9c80000, 0x00000000e0000000)
  object space 422400K, 34% used [0x00000000a0000000,0x00000000a8d30550,0x00000000b9c80000)
 Metaspace       used 145238K, capacity 152134K, committed 152960K, reserved 1183744K
  class space    used 18179K, capacity 19408K, committed 19584K, reserved 1048576K
}
Event: 3879.700 GC heap before
{Heap before GC invocations=71 (full 5):
 PSYoungGen      total 472064K, used 432538K [0x00000000e0000000, 0x00000000ffd00000, 0x0000000100000000)
  eden space 423424K, 99% used [0x00000000e0000000,0x00000000f9d0dc48,0x00000000f9d80000)
  from space 48640K, 19% used [0x00000000f9d80000,0x00000000fa6d8f00,0x00000000fcd00000)
  to   space 47616K, 0% used [0x00000000fce80000,0x00000000fce80000,0x00000000ffd00000)
 ParOldGen       total 422400K, used 144577K [0x00000000a0000000, 0x00000000b9c80000, 0x00000000e0000000)
  object space 422400K, 34% used [0x00000000a0000000,0x00000000a8d30550,0x00000000b9c80000)
 Metaspace       used 145271K, capacity 152198K, committed 152960K, reserved 1183744K
  class space    used 18180K, capacity 19408K, committed 19584K, reserved 1048576K
Event: 3879.713 GC heap after
Heap after GC invocations=71 (full 5):
 PSYoungGen      total 474624K, used 7516K [0x00000000e0000000, 0x00000000ffd00000, 0x0000000100000000)
  eden space 427008K, 0% used [0x00000000e0000000,0x00000000e0000000,0x00000000fa100000)
  from space 47616K, 15% used [0x00000000fce80000,0x00000000fd5d7170,0x00000000ffd00000)
  to   space 46592K, 0% used [0x00000000fa100000,0x00000000fa100000,0x00000000fce80000)
 ParOldGen       total 422400K, used 151558K [0x00000000a0000000, 0x00000000b9c80000, 0x00000000e0000000)
  object space 422400K, 35% used [0x00000000a0000000,0x00000000a9401b08,0x00000000b9c80000)
 Metaspace       used 145271K, capacity 152198K, committed 152960K, reserved 1183744K
  class space    used 18180K, capacity 19408K, committed 19584K, reserved 1048576K
}
Event: 3917.129 GC heap before
{Heap before GC invocations=72 (full 5):
 PSYoungGen      total 474624K, used 434524K [0x00000000e0000000, 0x00000000ffd00000, 0x0000000100000000)
  eden space 427008K, 100% used [0x00000000e0000000,0x00000000fa100000,0x00000000fa100000)
  from space 47616K, 15% used [0x00000000fce80000,0x00000000fd5d7170,0x00000000ffd00000)
  to   space 46592K, 0% used [0x00000000fa100000,0x00000000fa100000,0x00000000fce80000)
 ParOldGen       total 422400K, used 151558K [0x00000000a0000000, 0x00000000b9c80000, 0x00000000e0000000)
  object space 422400K, 35% used [0x00000000a0000000,0x00000000a9401b08,0x00000000b9c80000)
 Metaspace       used 146948K, capacity 154198K, committed 154752K, reserved 1183744K
  class space    used 18415K, capacity 19674K, committed 19840K, reserved 1048576K
Event: 3917.143 GC heap after
Heap after GC invocations=72 (full 5):
 PSYoungGen      total 473600K, used 11581K [0x00000000e0000000, 0x00000000ffb00000, 0x0000000100000000)
  eden space 427008K, 0% used [0x00000000e0000000,0x00000000e0000000,0x00000000fa100000)
  from space 46592K, 24% used [0x00000000fa100000,0x00000000fac4f4a8,0x00000000fce80000)
  to   space 44544K, 0% used [0x00000000fcf80000,0x00000000fcf80000,0x00000000ffb00000)
 ParOldGen       total 422400K, used 157542K [0x00000000a0000000, 0x00000000b9c80000, 0x00000000e0000000)
  object space 422400K, 37% used [0x00000000a0000000,0x00000000a99d9b48,0x00000000b9c80000)
 Metaspace       used 146948K, capacity 154198K, committed 154752K, reserved 1183744K
  class space    used 18415K, capacity 19674K, committed 19840K, reserved 1048576K
}
Event: 3917.580 GC heap before
{Heap before GC invocations=73 (full 5):
 PSYoungGen      total 473600K, used 438589K [0x00000000e0000000, 0x00000000ffb00000, 0x0000000100000000)
  eden space 427008K, 100% used [0x00000000e0000000,0x00000000fa100000,0x00000000fa100000)
  from space 46592K, 24% used [0x00000000fa100000,0x00000000fac4f4a8,0x00000000fce80000)
  to   space 44544K, 0% used [0x00000000fcf80000,0x00000000fcf80000,0x00000000ffb00000)
 ParOldGen       total 422400K, used 157542K [0x00000000a0000000, 0x00000000b9c80000, 0x00000000e0000000)
  object space 422400K, 37% used [0x00000000a0000000,0x00000000a99d9b48,0x00000000b9c80000)
 Metaspace       used 146985K, capacity 154262K, committed 154752K, reserved 1183744K
  class space    used 18416K, capacity 19674K, committed 19840K, reserved 1048576K
Event: 3917.600 GC heap after
Heap after GC invocations=73 (full 5):
 PSYoungGen      total 475648K, used 13293K [0x00000000e0000000, 0x00000000ffa00000, 0x0000000100000000)
  eden space 432128K, 0% used [0x00000000e0000000,0x00000000e0000000,0x00000000fa600000)
  from space 43520K, 30% used [0x00000000fcf80000,0x00000000fdc7b730,0x00000000ffa00000)
  to   space 42496K, 0% used [0x00000000fa600000,0x00000000fa600000,0x00000000fcf80000)
 ParOldGen       total 422400K, used 165062K [0x00000000a0000000, 0x00000000b9c80000, 0x00000000e0000000)
  object space 422400K, 39% used [0x00000000a0000000,0x00000000aa131830,0x00000000b9c80000)
 Metaspace       used 146985K, capacity 154262K, committed 154752K, reserved 1183744K
  class space    used 18416K, capacity 19674K, committed 19840K, reserved 1048576K
}

