# JRE version: OpenJDK Runtime Environment (8.0_202-b03) (build 1.8.0_202-release-1483-b03)
# Java VM: OpenJDK 64-Bit Server VM (25.202-b03 mixed mode windows-amd64 compressed oops)
Heap:
 PSYoungGen      total 473600K, used 405709K [0x00000000e0000000, 0x0000000100000000, 0x0000000100000000)
  eden space 429056K, 94% used [0x00000000e0000000,0x00000000f8c33528,0x00000000fa300000)
  from space 44544K, 0% used [0x00000000fd480000,0x00000000fd480000,0x0000000100000000)
  to   space 47616K, 0% used [0x00000000fa300000,0x00000000fa300000,0x00000000fd180000)
 ParOldGen       total 260608K, used 73899K [0x00000000a0000000, 0x00000000afe80000, 0x00000000e0000000)
  object space 260608K, 28% used [0x00000000a0000000,0x00000000a482ac98,0x00000000afe80000)
 Metaspace       used 103578K, capacity 108186K, committed 108352K, reserved 1142784K
  class space    used 13492K, capacity 14379K, committed 14464K, reserved 1048576K
GC Heap History (10 events):
Event: 15.564 GC heap before
{Heap before GC invocations=20 (full 3):
 PSYoungGen      total 479744K, used 445696K [0x00000000e0000000, 0x00000000ffe80000, 0x0000000100000000)
  eden space 437760K, 100% used [0x00000000e0000000,0x00000000fab80000,0x00000000fab80000)
  from space 41984K, 18% used [0x00000000fd580000,0x00000000fdd40000,0x00000000ffe80000)
  to   space 42496K, 0% used [0x00000000fab80000,0x00000000fab80000,0x00000000fd500000)
 ParOldGen       total 260608K, used 118986K [0x00000000a0000000, 0x00000000afe80000, 0x00000000e0000000)
  object space 260608K, 45% used [0x00000000a0000000,0x00000000a7432820,0x00000000afe80000)
 Metaspace       used 73712K, capacity 77096K, committed 77144K, reserved 1116160K
  class space    used 9944K, capacity 10613K, committed 10624K, reserved 1048576K
Event: 15.586 GC heap after
Heap after GC invocations=20 (full 3):
 PSYoungGen      total 480256K, used 8607K [0x00000000e0000000, 0x00000000ffe80000, 0x0000000100000000)
  eden space 437760K, 0% used [0x00000000e0000000,0x00000000e0000000,0x00000000fab80000)
  from space 42496K, 20% used [0x00000000fab80000,0x00000000fb3e7c50,0x00000000fd500000)
  to   space 41472K, 0% used [0x00000000fd600000,0x00000000fd600000,0x00000000ffe80000)
 ParOldGen       total 260608K, used 125871K [0x00000000a0000000, 0x00000000afe80000, 0x00000000e0000000)
  object space 260608K, 48% used [0x00000000a0000000,0x00000000a7aebc00,0x00000000afe80000)
 Metaspace       used 73712K, capacity 77096K, committed 77144K, reserved 1116160K
  class space    used 9944K, capacity 10613K, committed 10624K, reserved 1048576K
}
Event: 16.965 GC heap before
{Heap before GC invocations=21 (full 3):
 PSYoungGen      total 480256K, used 446367K [0x00000000e0000000, 0x00000000ffe80000, 0x0000000100000000)
  eden space 437760K, 100% used [0x00000000e0000000,0x00000000fab80000,0x00000000fab80000)
  from space 42496K, 20% used [0x00000000fab80000,0x00000000fb3e7c50,0x00000000fd500000)
  to   space 41472K, 0% used [0x00000000fd600000,0x00000000fd600000,0x00000000ffe80000)
 ParOldGen       total 260608K, used 125871K [0x00000000a0000000, 0x00000000afe80000, 0x00000000e0000000)
  object space 260608K, 48% used [0x00000000a0000000,0x00000000a7aebc00,0x00000000afe80000)
 Metaspace       used 73780K, capacity 77230K, committed 77400K, reserved 1116160K
  class space    used 9947K, capacity 10614K, committed 10624K, reserved 1048576K
Event: 16.987 GC heap after
Heap after GC invocations=21 (full 3):
 PSYoungGen      total 478208K, used 11264K [0x00000000e0000000, 0x00000000ffb00000, 0x0000000100000000)
  eden space 440320K, 0% used [0x00000000e0000000,0x00000000e0000000,0x00000000fae00000)
  from space 37888K, 29% used [0x00000000fd600000,0x00000000fe100010,0x00000000ffb00000)
  to   space 39424K, 0% used [0x00000000fae00000,0x00000000fae00000,0x00000000fd480000)
 ParOldGen       total 260608K, used 133219K [0x00000000a0000000, 0x00000000afe80000, 0x00000000e0000000)
  object space 260608K, 51% used [0x00000000a0000000,0x00000000a8218c38,0x00000000afe80000)
 Metaspace       used 73780K, capacity 77230K, committed 77400K, reserved 1116160K
  class space    used 9947K, capacity 10614K, committed 10624K, reserved 1048576K
}
Event: 19.004 GC heap before
{Heap before GC invocations=22 (full 3):
 PSYoungGen      total 478208K, used 451584K [0x00000000e0000000, 0x00000000ffb00000, 0x0000000100000000)
  eden space 440320K, 100% used [0x00000000e0000000,0x00000000fae00000,0x00000000fae00000)
  from space 37888K, 29% used [0x00000000fd600000,0x00000000fe100010,0x00000000ffb00000)
  to   space 39424K, 0% used [0x00000000fae00000,0x00000000fae00000,0x00000000fd480000)
 ParOldGen       total 260608K, used 133219K [0x00000000a0000000, 0x00000000afe80000, 0x00000000e0000000)
  object space 260608K, 51% used [0x00000000a0000000,0x00000000a8218c38,0x00000000afe80000)
 Metaspace       used 74016K, capacity 77444K, committed 77656K, reserved 1116160K
  class space    used 9951K, capacity 10615K, committed 10624K, reserved 1048576K
Event: 19.046 GC heap after
Heap after GC invocations=22 (full 3):
 PSYoungGen      total 479744K, used 35418K [0x00000000e0000000, 0x0000000100000000, 0x0000000100000000)
  eden space 440320K, 0% used [0x00000000e0000000,0x00000000e0000000,0x00000000fae00000)
  from space 39424K, 89% used [0x00000000fae00000,0x00000000fd096970,0x00000000fd480000)
  to   space 44544K, 0% used [0x00000000fd480000,0x00000000fd480000,0x0000000100000000)
 ParOldGen       total 260608K, used 143291K [0x00000000a0000000, 0x00000000afe80000, 0x00000000e0000000)
  object space 260608K, 54% used [0x00000000a0000000,0x00000000a8beec58,0x00000000afe80000)
 Metaspace       used 74016K, capacity 77444K, committed 77656K, reserved 1116160K
  class space    used 9951K, capacity 10615K, committed 10624K, reserved 1048576K
}
Event: 227.252 GC heap before
{Heap before GC invocations=23 (full 3):
 PSYoungGen      total 479744K, used 465275K [0x00000000e0000000, 0x0000000100000000, 0x0000000100000000)
  eden space 440320K, 97% used [0x00000000e0000000,0x00000000fa3c8598,0x00000000fae00000)
  from space 39424K, 89% used [0x00000000fae00000,0x00000000fd096970,0x00000000fd480000)
  to   space 44544K, 0% used [0x00000000fd480000,0x00000000fd480000,0x0000000100000000)
 ParOldGen       total 260608K, used 143291K [0x00000000a0000000, 0x00000000afe80000, 0x00000000e0000000)
  object space 260608K, 54% used [0x00000000a0000000,0x00000000a8beec58,0x00000000afe80000)
 Metaspace       used 93878K, capacity 98420K, committed 98496K, reserved 1134592K
  class space    used 12482K, capacity 13300K, committed 13312K, reserved 1048576K
Event: 227.285 GC heap after
Heap after GC invocations=23 (full 3):
 PSYoungGen      total 473600K, used 32502K [0x00000000e0000000, 0x0000000100000000, 0x0000000100000000)
  eden space 429056K, 0% used [0x00000000e0000000,0x00000000e0000000,0x00000000fa300000)
  from space 44544K, 72% used [0x00000000fd480000,0x00000000ff43da98,0x0000000100000000)
  to   space 47616K, 0% used [0x00000000fa300000,0x00000000fa300000,0x00000000fd180000)
 ParOldGen       total 260608K, used 143299K [0x00000000a0000000, 0x00000000afe80000, 0x00000000e0000000)
  object space 260608K, 54% used [0x00000000a0000000,0x00000000a8bf0c58,0x00000000afe80000)
 Metaspace       used 93878K, capacity 98420K, committed 98496K, reserved 1134592K
  class space    used 12482K, capacity 13300K, committed 13312K, reserved 1048576K
}
Event: 227.285 GC heap before
{Heap before GC invocations=24 (full 4):
 PSYoungGen      total 473600K, used 32502K [0x00000000e0000000, 0x0000000100000000, 0x0000000100000000)
  eden space 429056K, 0% used [0x00000000e0000000,0x00000000e0000000,0x00000000fa300000)
  from space 44544K, 72% used [0x00000000fd480000,0x00000000ff43da98,0x0000000100000000)
  to   space 47616K, 0% used [0x00000000fa300000,0x00000000fa300000,0x00000000fd180000)
 ParOldGen       total 260608K, used 143299K [0x00000000a0000000, 0x00000000afe80000, 0x00000000e0000000)
  object space 260608K, 54% used [0x00000000a0000000,0x00000000a8bf0c58,0x00000000afe80000)
 Metaspace       used 93878K, capacity 98420K, committed 98496K, reserved 1134592K
  class space    used 12482K, capacity 13300K, committed 13312K, reserved 1048576K
Event: 227.472 GC heap after
Heap after GC invocations=24 (full 4):
 PSYoungGen      total 473600K, used 0K [0x00000000e0000000, 0x0000000100000000, 0x0000000100000000)
  eden space 429056K, 0% used [0x00000000e0000000,0x00000000e0000000,0x00000000fa300000)
  from space 44544K, 0% used [0x00000000fd480000,0x00000000fd480000,0x0000000100000000)
  to   space 47616K, 0% used [0x00000000fa300000,0x00000000fa300000,0x00000000fd180000)
 ParOldGen       total 260608K, used 73899K [0x00000000a0000000, 0x00000000afe80000, 0x00000000e0000000)
  object space 260608K, 28% used [0x00000000a0000000,0x00000000a482ac98,0x00000000afe80000)
 Metaspace       used 93581K, capacity 97568K, committed 98496K, reserved 1134592K
  class space    used 12388K, capacity 13132K, committed 13312K, reserved 1048576K
}

